TN:
SF:/Users/zhenyi/Documents/git/achart-series/src/base.js
FN:24,(anonymous_1)
FN:148,(anonymous_2)
FN:161,(anonymous_3)
FN:169,(anonymous_4)
FN:186,(anonymous_5)
FN:208,(anonymous_6)
FN:225,(anonymous_7)
FN:240,(anonymous_8)
FN:266,(anonymous_9)
FN:273,(anonymous_10)
FN:280,(anonymous_11)
FN:286,(anonymous_12)
FN:293,(anonymous_13)
FN:299,(anonymous_14)
FN:306,(anonymous_15)
FN:319,(anonymous_16)
FN:325,(anonymous_17)
FN:359,(anonymous_18)
FN:366,(anonymous_19)
FN:374,(anonymous_20)
FN:383,(anonymous_21)
FN:390,(anonymous_22)
FN:394,(anonymous_23)
FN:409,(anonymous_24)
FN:431,(anonymous_25)
FN:438,(anonymous_26)
FN:444,(anonymous_27)
FN:453,(anonymous_28)
FN:463,(anonymous_29)
FN:486,(anonymous_30)
FN:509,(anonymous_31)
FN:516,(anonymous_32)
FN:534,(anonymous_33)
FN:548,(anonymous_34)
FN:557,(anonymous_35)
FN:562,(anonymous_36)
FN:566,(anonymous_37)
FN:578,(anonymous_38)
FN:581,(anonymous_39)
FNF:39
FNH:17
FNDA:2,(anonymous_1)
FNDA:2,(anonymous_2)
FNDA:2,(anonymous_3)
FNDA:0,(anonymous_4)
FNDA:4,(anonymous_5)
FNDA:0,(anonymous_6)
FNDA:0,(anonymous_7)
FNDA:0,(anonymous_8)
FNDA:0,(anonymous_9)
FNDA:0,(anonymous_10)
FNDA:2,(anonymous_11)
FNDA:0,(anonymous_12)
FNDA:2,(anonymous_13)
FNDA:0,(anonymous_14)
FNDA:37,(anonymous_15)
FNDA:8,(anonymous_16)
FNDA:35,(anonymous_17)
FNDA:31,(anonymous_18)
FNDA:35,(anonymous_19)
FNDA:0,(anonymous_20)
FNDA:0,(anonymous_21)
FNDA:0,(anonymous_22)
FNDA:0,(anonymous_23)
FNDA:0,(anonymous_24)
FNDA:0,(anonymous_25)
FNDA:0,(anonymous_26)
FNDA:2,(anonymous_27)
FNDA:0,(anonymous_28)
FNDA:4,(anonymous_29)
FNDA:11,(anonymous_30)
FNDA:0,(anonymous_31)
FNDA:0,(anonymous_32)
FNDA:2,(anonymous_33)
FNDA:4,(anonymous_34)
FNDA:0,(anonymous_35)
FNDA:4,(anonymous_36)
FNDA:0,(anonymous_37)
FNDA:0,(anonymous_38)
FNDA:0,(anonymous_39)
DA:6,1
DA:24,1
DA:25,2
DA:28,1
DA:30,1
DA:32,1
DA:146,1
DA:149,2
DA:151,2
DA:153,2
DA:154,2
DA:155,2
DA:156,2
DA:157,0
DA:162,2
DA:163,2
DA:164,2
DA:166,2
DA:167,2
DA:169,2
DA:170,0
DA:171,0
DA:172,0
DA:177,2
DA:178,2
DA:187,4
DA:190,4
DA:191,4
DA:193,4
DA:194,3
DA:195,0
DA:196,3
DA:197,3
DA:200,4
DA:209,0
DA:212,0
DA:214,0
DA:215,0
DA:217,0
DA:218,0
DA:220,0
DA:221,0
DA:223,0
DA:224,0
DA:225,0
DA:226,0
DA:227,0
DA:228,0
DA:229,0
DA:230,0
DA:241,0
DA:246,0
DA:247,0
DA:248,0
DA:250,0
DA:251,0
DA:252,0
DA:254,0
DA:255,0
DA:256,0
DA:257,0
DA:258,0
DA:307,37
DA:309,37
DA:310,8
DA:311,8
DA:313,37
DA:320,8
DA:325,8
DA:326,35
DA:327,35
DA:328,4
DA:330,4
DA:331,0
DA:333,4
DA:335,4
DA:336,31
DA:337,31
DA:338,31
DA:340,0
DA:342,31
DA:344,0
DA:346,35
DA:347,35
DA:348,35
DA:349,35
DA:352,8
DA:360,31
DA:391,0
DA:395,0
DA:402,0
DA:403,0
DA:405,0
DA:406,0
DA:409,0
DA:411,0
DA:412,0
DA:413,0
DA:414,0
DA:415,0
DA:416,0
DA:420,0
DA:421,0
DA:422,0
DA:425,0
DA:432,0
DA:445,2
DA:448,2
DA:449,0
DA:451,2
DA:452,2
DA:453,2
DA:454,0
DA:456,2
DA:457,2
DA:458,2
DA:464,4
DA:469,4
DA:470,4
DA:471,0
DA:472,0
DA:475,4
DA:477,4
DA:479,4
DA:480,4
DA:482,4
DA:483,0
DA:485,4
DA:486,4
DA:487,11
DA:488,11
DA:489,11
DA:490,11
DA:491,11
DA:492,11
DA:493,11
DA:495,11
DA:496,0
DA:501,4
DA:502,4
DA:503,4
DA:517,0
DA:521,0
DA:522,0
DA:523,0
DA:524,0
DA:525,0
DA:528,0
DA:529,0
DA:531,0
DA:535,2
DA:538,2
DA:539,0
DA:540,0
DA:541,0
DA:543,0
DA:544,0
DA:545,0
DA:549,4
DA:552,4
DA:553,0
DA:554,0
DA:555,0
DA:557,0
DA:558,0
DA:563,4
DA:567,0
DA:571,0
DA:582,0
DA:583,0
DA:584,0
DA:585,0
DA:590,1
LF:173
LH:87
BRDA:156,1,0,0
BRDA:156,1,1,2
BRDA:164,2,0,2
BRDA:164,2,1,0
BRDA:170,3,0,0
BRDA:170,3,1,0
BRDA:171,4,0,0
BRDA:171,4,1,0
BRDA:177,5,0,2
BRDA:177,5,1,0
BRDA:190,6,0,4
BRDA:190,6,1,0
BRDA:193,7,0,3
BRDA:193,7,1,1
BRDA:194,8,0,0
BRDA:194,8,1,3
BRDA:194,9,0,3
BRDA:194,9,1,0
BRDA:194,9,2,0
BRDA:196,10,0,3
BRDA:196,10,1,0
BRDA:214,11,0,0
BRDA:214,11,1,0
BRDA:217,12,0,0
BRDA:217,12,1,0
BRDA:220,13,0,0
BRDA:220,13,1,0
BRDA:220,14,0,0
BRDA:220,14,1,0
BRDA:224,15,0,0
BRDA:224,15,1,0
BRDA:224,16,0,0
BRDA:224,16,1,0
BRDA:246,17,0,0
BRDA:246,17,1,0
BRDA:248,18,0,0
BRDA:248,18,1,0
BRDA:250,19,0,0
BRDA:250,19,1,0
BRDA:252,20,0,0
BRDA:252,20,1,0
BRDA:254,21,0,0
BRDA:254,21,1,0
BRDA:256,22,0,0
BRDA:256,22,1,0
BRDA:258,23,0,0
BRDA:258,23,1,0
BRDA:309,24,0,8
BRDA:309,24,1,29
BRDA:327,25,0,4
BRDA:327,25,1,31
BRDA:330,26,0,0
BRDA:330,26,1,4
BRDA:336,27,0,31
BRDA:336,27,1,0
BRDA:337,28,0,31
BRDA:337,28,1,0
BRDA:346,29,0,35
BRDA:346,29,1,35
BRDA:402,30,0,0
BRDA:402,30,1,0
BRDA:405,31,0,0
BRDA:405,31,1,0
BRDA:405,32,0,0
BRDA:405,32,1,0
BRDA:405,32,2,0
BRDA:411,33,0,0
BRDA:411,33,1,0
BRDA:411,34,0,0
BRDA:411,34,1,0
BRDA:414,35,0,0
BRDA:414,35,1,0
BRDA:414,36,0,0
BRDA:414,36,1,0
BRDA:420,37,0,0
BRDA:420,37,1,0
BRDA:420,38,0,0
BRDA:420,38,1,0
BRDA:421,39,0,0
BRDA:421,39,1,0
BRDA:425,40,0,0
BRDA:425,40,1,0
BRDA:448,41,0,0
BRDA:448,41,1,2
BRDA:448,42,0,2
BRDA:448,42,1,2
BRDA:470,43,0,0
BRDA:470,43,1,4
BRDA:470,44,0,4
BRDA:470,44,1,0
BRDA:479,45,0,4
BRDA:479,45,1,0
BRDA:482,46,0,0
BRDA:482,46,1,4
BRDA:487,47,0,11
BRDA:487,47,1,0
BRDA:488,48,0,11
BRDA:488,48,1,0
BRDA:495,49,0,0
BRDA:495,49,1,11
BRDA:521,50,0,0
BRDA:521,50,1,0
BRDA:524,51,0,0
BRDA:524,51,1,0
BRDA:524,52,0,0
BRDA:524,52,1,0
BRDA:538,53,0,0
BRDA:538,53,1,2
BRDA:540,54,0,0
BRDA:540,54,1,0
BRDA:552,55,0,0
BRDA:552,55,1,4
BRDA:571,56,0,0
BRDA:571,56,1,0
BRF:114
BRH:30
end_of_record
TN:
SF:/Users/zhenyi/Documents/git/achart-series/src/itemgroup.js
FN:11,removeLabel
FN:28,(anonymous_2)
FN:72,(anonymous_3)
FN:102,(anonymous_4)
FN:106,(anonymous_5)
FN:128,(anonymous_6)
FN:140,(anonymous_7)
FN:148,(anonymous_8)
FN:195,(anonymous_9)
FN:203,(anonymous_10)
FN:211,(anonymous_11)
FN:225,(anonymous_12)
FN:233,(anonymous_13)
FN:240,(anonymous_14)
FN:244,(anonymous_15)
FN:257,(anonymous_16)
FN:273,(anonymous_17)
FN:282,(anonymous_18)
FN:286,(anonymous_19)
FN:288,(anonymous_20)
FN:299,(anonymous_21)
FN:312,(anonymous_22)
FN:325,(anonymous_23)
FN:336,(anonymous_24)
FN:345,(anonymous_25)
FNF:25
FNH:15
FNDA:0,removeLabel
FNDA:0,(anonymous_2)
FNDA:13,(anonymous_3)
FNDA:2,(anonymous_4)
FNDA:0,(anonymous_5)
FNDA:0,(anonymous_6)
FNDA:6,(anonymous_7)
FNDA:30,(anonymous_8)
FNDA:0,(anonymous_9)
FNDA:0,(anonymous_10)
FNDA:6,(anonymous_11)
FNDA:0,(anonymous_12)
FNDA:441,(anonymous_13)
FNDA:6,(anonymous_14)
FNDA:30,(anonymous_15)
FNDA:0,(anonymous_16)
FNDA:52,(anonymous_17)
FNDA:2,(anonymous_18)
FNDA:112,(anonymous_19)
FNDA:640,(anonymous_20)
FNDA:0,(anonymous_21)
FNDA:8,(anonymous_22)
FNDA:8,(anonymous_23)
FNDA:0,(anonymous_24)
FNDA:3,(anonymous_25)
DA:7,1
DA:11,1
DA:12,0
DA:13,0
DA:14,0
DA:15,0
DA:28,1
DA:46,1
DA:69,1
DA:71,1
DA:73,13
DA:78,13
DA:79,0
DA:81,13
DA:82,0
DA:84,13
DA:85,2
DA:86,2
DA:89,13
DA:90,13
DA:91,12
DA:93,1
DA:96,13
DA:97,13
DA:98,13
DA:99,13
DA:103,2
DA:106,2
DA:107,0
DA:110,0
DA:111,0
DA:112,0
DA:113,0
DA:114,0
DA:116,0
DA:119,0
DA:120,0
DA:129,0
DA:130,0
DA:131,0
DA:132,0
DA:133,0
DA:141,6
DA:145,6
DA:148,6
DA:149,30
DA:152,30
DA:153,21
DA:154,21
DA:155,21
DA:157,21
DA:158,2
DA:159,2
DA:161,19
DA:163,21
DA:164,0
DA:169,6
DA:172,6
DA:174,6
DA:175,1
DA:176,1
DA:177,0
DA:183,6
DA:184,8
DA:186,8
DA:196,0
DA:197,0
DA:204,0
DA:205,0
DA:212,6
DA:213,6
DA:214,6
DA:215,0
DA:216,0
DA:234,441
DA:241,6
DA:244,6
DA:245,30
DA:246,0
DA:247,0
DA:250,6
DA:258,0
DA:263,0
DA:264,0
DA:265,0
DA:267,0
DA:274,52
DA:276,52
DA:283,2
DA:286,2
DA:288,112
DA:289,640
DA:291,640
DA:300,0
DA:304,0
DA:313,8
DA:315,8
DA:316,8
DA:317,3
DA:319,8
DA:326,8
DA:327,8
DA:346,3
DA:351,1
LF:104
LH:67
BRDA:12,1,0,0
BRDA:12,1,1,0
BRDA:14,2,0,0
BRDA:14,2,1,0
BRDA:78,3,0,0
BRDA:78,3,1,13
BRDA:81,4,0,0
BRDA:81,4,1,13
BRDA:84,5,0,2
BRDA:84,5,1,11
BRDA:90,6,0,12
BRDA:90,6,1,1
BRDA:110,7,0,0
BRDA:110,7,1,0
BRDA:110,8,0,0
BRDA:110,8,1,0
BRDA:111,9,0,0
BRDA:111,9,1,0
BRDA:113,10,0,0
BRDA:113,10,1,0
BRDA:113,11,0,0
BRDA:113,11,1,0
BRDA:130,12,0,0
BRDA:130,12,1,0
BRDA:145,13,0,6
BRDA:145,13,1,0
BRDA:152,14,0,21
BRDA:152,14,1,9
BRDA:152,15,0,30
BRDA:152,15,1,22
BRDA:157,16,0,2
BRDA:157,16,1,19
BRDA:163,17,0,0
BRDA:163,17,1,21
BRDA:163,18,0,21
BRDA:163,18,1,2
BRDA:176,19,0,0
BRDA:176,19,1,1
BRDA:177,20,0,0
BRDA:177,20,1,0
BRDA:213,21,0,6
BRDA:213,21,1,6
BRDA:214,22,0,0
BRDA:214,22,1,6
BRDA:234,23,0,441
BRDA:234,23,1,441
BRDA:245,24,0,0
BRDA:245,24,1,30
BRDA:264,25,0,0
BRDA:264,25,1,0
BRDA:264,26,0,0
BRDA:264,26,1,0
BRDA:276,27,0,50
BRDA:276,27,1,2
BRDA:316,28,0,3
BRDA:316,28,1,5
BRDA:327,29,0,8
BRDA:327,29,1,0
BRF:58
BRH:28
end_of_record
TN:
SF:/Users/zhenyi/Documents/git/achart-series/src/pie.js
FN:14,ensureX
FN:26,ensureY
FN:37,parsePercent
FN:41,getPlotRange
FN:45,resetItem
FN:63,alignLables
FN:163,(anonymous_7)
FN:261,(anonymous_8)
FN:264,(anonymous_9)
FN:285,after
FN:295,(anonymous_11)
FN:323,(anonymous_12)
FN:328,(anonymous_13)
FN:335,(anonymous_14)
FN:344,(anonymous_15)
FN:358,(anonymous_16)
FN:381,(anonymous_17)
FN:389,(anonymous_18)
FN:397,(anonymous_19)
FN:402,(anonymous_20)
FN:418,(anonymous_21)
FN:428,(anonymous_22)
FN:463,(anonymous_23)
FN:469,(anonymous_24)
FN:472,(anonymous_25)
FN:478,(anonymous_26)
FN:516,(anonymous_27)
FN:519,(anonymous_28)
FN:524,(anonymous_29)
FN:540,(anonymous_30)
FN:551,(anonymous_31)
FN:558,(anonymous_32)
FN:571,(anonymous_33)
FN:582,(anonymous_34)
FN:589,(anonymous_35)
FN:608,(anonymous_36)
FN:627,(anonymous_37)
FN:640,(anonymous_38)
FN:647,(anonymous_39)
FN:672,(anonymous_40)
FN:679,(anonymous_41)
FN:686,(anonymous_42)
FN:692,(anonymous_43)
FN:706,(anonymous_44)
FN:723,(anonymous_45)
FN:736,(anonymous_46)
FN:749,(anonymous_47)
FN:777,(anonymous_48)
FN:789,(anonymous_49)
FN:843,(anonymous_50)
FN:864,(anonymous_51)
FN:887,(anonymous_52)
FN:894,(anonymous_53)
FN:898,(anonymous_54)
FN:904,(anonymous_55)
FNF:55
FNH:47
FNDA:2,ensureX
FNDA:2,ensureY
FNDA:7,parsePercent
FNDA:4,getPlotRange
FNDA:9,resetItem
FNDA:15,alignLables
FNDA:2,(anonymous_7)
FNDA:2,(anonymous_8)
FNDA:12,(anonymous_9)
FNDA:2,after
FNDA:2,(anonymous_11)
FNDA:6,(anonymous_12)
FNDA:23,(anonymous_13)
FNDA:4,(anonymous_14)
FNDA:8,(anonymous_15)
FNDA:35,(anonymous_16)
FNDA:24,(anonymous_17)
FNDA:10,(anonymous_18)
FNDA:3,(anonymous_19)
FNDA:14,(anonymous_20)
FNDA:6,(anonymous_21)
FNDA:34,(anonymous_22)
FNDA:2,(anonymous_23)
FNDA:2,(anonymous_24)
FNDA:0,(anonymous_25)
FNDA:34,(anonymous_26)
FNDA:0,(anonymous_27)
FNDA:0,(anonymous_28)
FNDA:0,(anonymous_29)
FNDA:0,(anonymous_30)
FNDA:0,(anonymous_31)
FNDA:1074,(anonymous_32)
FNDA:1066,(anonymous_33)
FNDA:3,(anonymous_34)
FNDA:1144,(anonymous_35)
FNDA:13,(anonymous_36)
FNDA:34,(anonymous_37)
FNDA:35,(anonymous_38)
FNDA:177,(anonymous_39)
FNDA:35,(anonymous_40)
FNDA:34,(anonymous_41)
FNDA:172,(anonymous_42)
FNDA:172,(anonymous_43)
FNDA:35,(anonymous_44)
FNDA:12,(anonymous_45)
FNDA:19,(anonymous_46)
FNDA:411,(anonymous_47)
FNDA:655,(anonymous_48)
FNDA:1066,(anonymous_49)
FNDA:43,(anonymous_50)
FNDA:0,(anonymous_51)
FNDA:2,(anonymous_52)
FNDA:1,(anonymous_53)
FNDA:1,(anonymous_54)
FNDA:0,(anonymous_55)
DA:6,1
DA:14,1
DA:15,2
DA:16,0
DA:19,2
DA:22,2
DA:26,1
DA:27,2
DA:28,0
DA:31,2
DA:34,2
DA:37,1
DA:38,7
DA:41,1
DA:42,4
DA:45,1
DA:46,9
DA:49,9
DA:50,9
DA:51,9
DA:52,9
DA:55,9
DA:56,9
DA:63,1
DA:64,15
DA:68,15
DA:70,0
DA:73,15
DA:81,15
DA:82,27
DA:86,27
DA:87,27
DA:88,27
DA:89,12
DA:91,27
DA:93,27
DA:94,8
DA:95,7
DA:97,8
DA:99,19
DA:100,0
DA:104,15
DA:105,0
DA:106,0
DA:107,0
DA:111,15
DA:112,3
DA:117,3
DA:118,3
DA:119,3
DA:120,0
DA:123,3
DA:124,9
DA:125,9
DA:129,3
DA:132,3
DA:133,3
DA:134,3
DA:135,0
DA:137,3
DA:138,0
DA:139,0
DA:148,1
DA:163,1
DA:164,2
DA:167,1
DA:255,1
DA:257,1
DA:259,1
DA:262,2
DA:264,2
DA:265,12
DA:266,12
DA:267,12
DA:268,0
DA:271,2
DA:272,2
DA:274,0
DA:277,2
DA:278,2
DA:280,2
DA:281,2
DA:282,2
DA:285,1
DA:286,2
DA:287,0
DA:290,2
DA:291,2
DA:296,2
DA:297,2
DA:298,2
DA:299,2
DA:300,2
DA:301,2
DA:303,2
DA:308,2
DA:310,2
DA:311,1
DA:316,1
DA:324,6
DA:326,6
DA:328,6
DA:329,23
DA:331,6
DA:332,6
DA:336,4
DA:337,4
DA:339,4
DA:340,2
DA:345,8
DA:358,8
DA:359,35
DA:360,34
DA:361,34
DA:362,0
DA:364,34
DA:365,10
DA:367,24
DA:373,8
DA:374,7
DA:375,7
DA:376,7
DA:378,0
DA:380,7
DA:381,7
DA:382,24
DA:383,24
DA:386,8
DA:388,8
DA:389,8
DA:390,10
DA:391,10
DA:398,3
DA:402,3
DA:403,14
DA:409,14
DA:412,3
DA:419,6
DA:422,6
DA:423,6
DA:424,6
DA:425,6
DA:429,34
DA:438,34
DA:439,0
DA:441,34
DA:442,34
DA:443,9
DA:444,9
DA:445,9
DA:447,25
DA:450,34
DA:451,2
DA:454,2
DA:456,34
DA:464,2
DA:465,2
DA:470,2
DA:472,2
DA:473,0
DA:475,0
DA:479,34
DA:487,34
DA:488,34
DA:490,34
DA:491,0
DA:492,0
DA:493,0
DA:495,0
DA:496,0
DA:501,34
DA:502,10
DA:503,10
DA:505,24
DA:506,24
DA:509,34
DA:510,34
DA:511,34
DA:512,34
DA:513,34
DA:514,34
DA:517,0
DA:520,0
DA:521,0
DA:526,0
DA:528,0
DA:529,0
DA:531,0
DA:532,0
DA:533,0
DA:535,0
DA:536,0
DA:541,0
DA:543,0
DA:552,0
DA:559,1074
DA:561,1074
DA:562,2
DA:563,2
DA:565,1074
DA:572,1066
DA:575,1066
DA:576,1
DA:577,1
DA:579,1066
DA:583,3
DA:586,3
DA:590,1144
DA:593,1144
DA:594,2
DA:595,2
DA:597,2
DA:598,2
DA:599,2
DA:601,1144
DA:609,13
DA:614,13
DA:615,13
DA:616,0
DA:619,13
DA:621,13
DA:622,0
DA:624,13
DA:628,34
DA:632,34
DA:633,34
DA:634,34
DA:635,0
DA:637,34
DA:641,35
DA:645,35
DA:647,35
DA:648,177
DA:649,34
DA:652,35
DA:653,35
DA:654,1
DA:656,34
DA:662,34
DA:663,34
DA:664,0
DA:666,34
DA:667,34
DA:668,34
DA:669,34
DA:673,35
DA:680,34
DA:686,34
DA:687,172
DA:688,34
DA:692,34
DA:694,172
DA:695,69
DA:697,172
DA:702,34
DA:703,34
DA:704,34
DA:707,35
DA:714,35
DA:715,23
DA:718,12
DA:719,12
DA:720,10
DA:723,2
DA:724,12
DA:725,11
DA:728,2
DA:729,2
DA:738,19
DA:745,19
DA:746,19
DA:747,13
DA:749,19
DA:750,411
DA:753,411
DA:754,411
DA:755,411
DA:757,0
DA:758,0
DA:760,411
DA:762,411
DA:763,411
DA:764,0
DA:765,0
DA:768,19
DA:778,655
DA:783,655
DA:784,655
DA:786,655
DA:790,1066
DA:804,1066
DA:805,753
DA:807,0
DA:809,753
DA:813,313
DA:818,313
DA:820,313
DA:823,1
DA:824,1
DA:825,1
DA:827,1
DA:828,1
DA:829,1
DA:830,1
DA:832,312
DA:833,312
DA:834,312
DA:835,312
DA:836,312
DA:837,312
DA:841,1066
DA:845,43
DA:848,43
DA:849,43
DA:850,43
DA:852,0
DA:855,43
DA:856,43
DA:857,43
DA:866,0
DA:871,0
DA:876,0
DA:877,0
DA:881,0
DA:885,0
DA:888,2
DA:889,2
DA:890,2
DA:891,2
DA:892,2
DA:895,1
DA:896,1
DA:899,1
DA:900,1
DA:905,0
DA:906,0
DA:910,1
LF:337
LH:281
BRDA:15,1,0,0
BRDA:15,1,1,2
BRDA:27,2,0,0
BRDA:27,2,1,2
BRDA:47,3,0,0
BRDA:47,3,1,9
BRDA:68,4,0,0
BRDA:68,4,1,15
BRDA:87,5,0,10
BRDA:87,5,1,17
BRDA:88,6,0,12
BRDA:88,6,1,15
BRDA:89,7,0,2
BRDA:89,7,1,10
BRDA:93,8,0,8
BRDA:93,8,1,19
BRDA:94,9,0,7
BRDA:94,9,1,1
BRDA:99,10,0,0
BRDA:99,10,1,19
BRDA:99,11,0,19
BRDA:99,11,1,5
BRDA:104,12,0,0
BRDA:104,12,1,15
BRDA:111,13,0,3
BRDA:111,13,1,12
BRDA:112,14,0,0
BRDA:112,14,1,3
BRDA:115,15,0,0
BRDA:115,15,1,3
BRDA:119,16,0,0
BRDA:119,16,1,3
BRDA:129,17,0,0
BRDA:129,17,1,3
BRDA:134,18,0,0
BRDA:134,18,1,3
BRDA:134,19,0,3
BRDA:134,19,1,3
BRDA:137,20,0,0
BRDA:137,20,1,3
BRDA:267,21,0,0
BRDA:267,21,1,12
BRDA:267,22,0,12
BRDA:267,22,1,2
BRDA:271,23,0,2
BRDA:271,23,1,0
BRDA:277,24,0,2
BRDA:277,24,1,0
BRDA:280,25,0,2
BRDA:280,25,1,0
BRDA:286,26,0,0
BRDA:286,26,1,2
BRDA:290,27,0,2
BRDA:290,27,1,0
BRDA:299,28,0,2
BRDA:299,28,1,0
BRDA:310,29,0,1
BRDA:310,29,1,1
BRDA:310,30,0,2
BRDA:310,30,1,1
BRDA:326,31,0,6
BRDA:326,31,1,2
BRDA:339,32,0,2
BRDA:339,32,1,2
BRDA:359,33,0,34
BRDA:359,33,1,1
BRDA:361,34,0,0
BRDA:361,34,1,34
BRDA:364,35,0,10
BRDA:364,35,1,24
BRDA:373,36,0,7
BRDA:373,36,1,1
BRDA:375,37,0,7
BRDA:375,37,1,0
BRDA:383,38,0,24
BRDA:383,38,1,24
BRDA:386,39,0,8
BRDA:386,39,1,0
BRDA:391,40,0,10
BRDA:391,40,1,10
BRDA:400,41,0,3
BRDA:400,41,1,0
BRDA:422,42,0,6
BRDA:422,42,1,0
BRDA:424,43,0,6
BRDA:424,43,1,6
BRDA:430,44,0,34
BRDA:430,44,1,25
BRDA:438,45,0,0
BRDA:438,45,1,34
BRDA:442,46,0,9
BRDA:442,46,1,25
BRDA:444,47,0,0
BRDA:444,47,1,9
BRDA:450,48,0,2
BRDA:450,48,1,32
BRDA:475,49,0,0
BRDA:475,49,1,0
BRDA:490,50,0,0
BRDA:490,50,1,34
BRDA:491,51,0,0
BRDA:491,51,1,0
BRDA:491,52,0,0
BRDA:491,52,1,0
BRDA:501,53,0,10
BRDA:501,53,1,24
BRDA:501,54,0,34
BRDA:501,54,1,34
BRDA:521,55,0,0
BRDA:521,55,1,0
BRDA:521,55,2,0
BRDA:527,56,0,0
BRDA:527,56,1,0
BRDA:528,57,0,0
BRDA:528,57,1,0
BRDA:531,58,0,0
BRDA:531,58,1,0
BRDA:543,59,0,0
BRDA:543,59,1,0
BRDA:561,60,0,2
BRDA:561,60,1,1072
BRDA:575,61,0,1
BRDA:575,61,1,1065
BRDA:575,62,0,1066
BRDA:575,62,1,754
BRDA:593,63,0,2
BRDA:593,63,1,1142
BRDA:615,64,0,0
BRDA:615,64,1,13
BRDA:615,65,0,13
BRDA:615,65,1,2
BRDA:621,66,0,0
BRDA:621,66,1,13
BRDA:634,67,0,0
BRDA:634,67,1,34
BRDA:648,68,0,34
BRDA:648,68,1,143
BRDA:648,69,0,177
BRDA:648,69,1,143
BRDA:653,70,0,1
BRDA:653,70,1,34
BRDA:663,71,0,0
BRDA:663,71,1,34
BRDA:663,72,0,34
BRDA:663,72,1,4
BRDA:666,73,0,34
BRDA:666,73,1,34
BRDA:687,74,0,34
BRDA:687,74,1,138
BRDA:687,75,0,172
BRDA:687,75,1,138
BRDA:694,76,0,69
BRDA:694,76,1,103
BRDA:714,77,0,23
BRDA:714,77,1,12
BRDA:714,78,0,35
BRDA:714,78,1,23
BRDA:714,78,2,23
BRDA:719,79,0,10
BRDA:719,79,1,2
BRDA:724,80,0,11
BRDA:724,80,1,1
BRDA:743,81,0,19
BRDA:743,81,1,0
BRDA:744,82,0,19
BRDA:744,82,1,0
BRDA:746,83,0,13
BRDA:746,83,1,6
BRDA:753,84,0,411
BRDA:753,84,1,0
BRDA:763,85,0,0
BRDA:763,85,1,411
BRDA:804,86,0,753
BRDA:804,86,1,313
BRDA:805,87,0,0
BRDA:805,87,1,753
BRDA:820,88,0,1
BRDA:820,88,1,312
BRDA:848,89,0,43
BRDA:848,89,1,0
BRDA:871,90,0,0
BRDA:871,90,1,0
BRF:182
BRH:126
end_of_record
